<?xml version="1.0" encoding="UTF-8"?>
<!-- Generated by org.testng.reporters.JUnitReportReporter -->
<testsuite hostname="Deshmukh" failures="0" tests="1" name="com.rdframework.selenium.TestLaunch" time="22.236" errors="0" timestamp="25 May 2019 19:03:13 GMT" skipped="0">
  <testcase classname="com.rdframework.selenium.TestLaunch" name="launch" time="22.236"/>
</testsuite> <!-- com.rdframework.selenium.TestLaunch -->
