<?xml version="1.0" encoding="UTF-8"?>
<!-- Generated by org.testng.reporters.JUnitReportReporter -->
<testsuite hostname="Deshmukh" failures="0" tests="1" name="com.rdframework.selenium.HomePageTest" time="56.448" errors="0" timestamp="25 May 2019 19:54:02 GMT" skipped="0">
  <testcase classname="com.rdframework.selenium.HomePageTest" name="f" time="56.448"/>
</testsuite> <!-- com.rdframework.selenium.HomePageTest -->
