<?xml version="1.0" encoding="UTF-8"?>
<!-- Generated by org.testng.reporters.JUnitReportReporter -->
<testsuite hostname="Deshmukh" failures="0" tests="1" name="com.rdframework.selenium.LoginPageTest" time="20.071" errors="0" timestamp="25 May 2019 20:10:05 GMT" skipped="0">
  <testcase classname="com.rdframework.selenium.LoginPageTest" name="login" time="20.071"/>
</testsuite> <!-- com.rdframework.selenium.LoginPageTest -->
